2020-05-05 22:24:35	13857	UNKNOW	13849	[DEBUG]	[root]	/home/sone/pro/http_server/HttpServer.cpp:103	GET /index.html HTTP/1.1
Host: 127.0.0.1:8987
Connection: keep-alive
Upgrade-Insecure-Requests: 1
User-Agent: Mozilla/5.0 (X11; Linux x86_64) AppleWebKit/537.36 (KHTML, like Gecko) Chrome/78.0.3904.97 Safari/537.36
Sec-Fetch-User: ?1
Accept: text/html,application/xhtml+xml,application/xml;q=0.9,image/webp,image/apng,*/*;q=0.8,application/signed-exchange;v=b3
Sec-Fetch-Site: none
Sec-Fetch-Mode: navigate
Accept-Encoding: gzip, deflate, br
Accept-Language: zh-CN,zh;q=0.9


2020-05-05 22:24:35	13857	UNKNOW	13849	[DEBUG]	[root]	/home/sone/pro/http_server/HttpServer.cpp:103	GET /style.css HTTP/1.1
Host: 127.0.0.1:8987
Connection: keep-alive
User-Agent: Mozilla/5.0 (X11; Linux x86_64) AppleWebKit/537.36 (KHTML, like Gecko) Chrome/78.0.3904.97 Safari/537.36
Accept: text/css,*/*;q=0.1
Sec-Fetch-Site: same-origin
Sec-Fetch-Mode: no-cors
Referer: http://127.0.0.1:8987/index.html
Accept-Encoding: gzip, deflate, br
Accept-Language: zh-CN,zh;q=0.9


2020-05-05 22:24:51	13857	UNKNOW	13849	[DEBUG]	[root]	/home/sone/pro/http_server/HttpServer.cpp:103	GET /index.html HTTP/1.1
Host: 127.0.0.1:8987
Connection: keep-alive
Upgrade-Insecure-Requests: 1
User-Agent: Mozilla/5.0 (X11; Linux x86_64) AppleWebKit/537.36 (KHTML, like Gecko) Chrome/78.0.3904.97 Safari/537.36
Sec-Fetch-User: ?1
Accept: text/html,application/xhtml+xml,application/xml;q=0.9,image/webp,image/apng,*/*;q=0.8,application/signed-exchange;v=b3
Sec-Fetch-Site: none
Sec-Fetch-Mode: navigate
Accept-Encoding: gzip, deflate, br
Accept-Language: zh-CN,zh;q=0.9


2020-05-05 22:24:51	13857	UNKNOW	13849	[DEBUG]	[root]	/home/sone/pro/http_server/HttpServer.cpp:103	GET /style.css HTTP/1.1
Host: 127.0.0.1:8987
Connection: keep-alive
User-Agent: Mozilla/5.0 (X11; Linux x86_64) AppleWebKit/537.36 (KHTML, like Gecko) Chrome/78.0.3904.97 Safari/537.36
Accept: text/css,*/*;q=0.1
Sec-Fetch-Site: same-origin
Sec-Fetch-Mode: no-cors
Referer: http://127.0.0.1:8987/index.html
Accept-Encoding: gzip, deflate, br
Accept-Language: zh-CN,zh;q=0.9


2020-05-05 22:24:58	13857	UNKNOW	13849	[DEBUG]	[root]	/home/sone/pro/http_server/HttpServer.cpp:103	GET /test.php?name=pty HTTP/1.1
Host: 127.0.0.1:8987
Connection: keep-alive
Upgrade-Insecure-Requests: 1
User-Agent: Mozilla/5.0 (X11; Linux x86_64) AppleWebKit/537.36 (KHTML, like Gecko) Chrome/78.0.3904.97 Safari/537.36
Sec-Fetch-User: ?1
Accept: text/html,application/xhtml+xml,application/xml;q=0.9,image/webp,image/apng,*/*;q=0.8,application/signed-exchange;v=b3
Sec-Fetch-Site: none
Sec-Fetch-Mode: navigate
Accept-Encoding: gzip, deflate, br
Accept-Language: zh-CN,zh;q=0.9


2020-05-05 22:29:58	14356	UNKNOW	14348	[DEBUG]	[root]	/home/sone/pro/http_server/HttpServer.cpp:103	GET /index.html HTTP/1.1
Host: 127.0.0.1:8987
Connection: keep-alive
Upgrade-Insecure-Requests: 1
User-Agent: Mozilla/5.0 (X11; Linux x86_64) AppleWebKit/537.36 (KHTML, like Gecko) Chrome/78.0.3904.97 Safari/537.36
Sec-Fetch-User: ?1
Accept: text/html,application/xhtml+xml,application/xml;q=0.9,image/webp,image/apng,*/*;q=0.8,application/signed-exchange;v=b3
Sec-Fetch-Site: none
Sec-Fetch-Mode: navigate
Accept-Encoding: gzip, deflate, br
Accept-Language: zh-CN,zh;q=0.9


2020-05-05 22:29:59	14356	UNKNOW	14348	[DEBUG]	[root]	/home/sone/pro/http_server/HttpServer.cpp:103	GET /style.css HTTP/1.1
Host: 127.0.0.1:8987
Connection: keep-alive
User-Agent: Mozilla/5.0 (X11; Linux x86_64) AppleWebKit/537.36 (KHTML, like Gecko) Chrome/78.0.3904.97 Safari/537.36
Accept: text/css,*/*;q=0.1
Sec-Fetch-Site: same-origin
Sec-Fetch-Mode: no-cors
Referer: http://127.0.0.1:8987/index.html
Accept-Encoding: gzip, deflate, br
Accept-Language: zh-CN,zh;q=0.9


2020-05-05 22:31:44	14356	UNKNOW	14348	[DEBUG]	[root]	/home/sone/pro/http_server/HttpServer.cpp:103	GET /test.php?name=pty HTTP/1.1
Host: 127.0.0.1:8987
Connection: keep-alive
Upgrade-Insecure-Requests: 1
User-Agent: Mozilla/5.0 (X11; Linux x86_64) AppleWebKit/537.36 (KHTML, like Gecko) Chrome/78.0.3904.97 Safari/537.36
Sec-Fetch-User: ?1
Accept: text/html,application/xhtml+xml,application/xml;q=0.9,image/webp,image/apng,*/*;q=0.8,application/signed-exchange;v=b3
Sec-Fetch-Site: none
Sec-Fetch-Mode: navigate
Accept-Encoding: gzip, deflate, br
Accept-Language: zh-CN,zh;q=0.9


